2022-01-19 19:01:403 INFO  ManageDriver :33 - Launching Chrome Browser
2022-01-19 19:01:304 INFO  ManageDriver :33 - Launching Chrome Browser
2022-01-19 19:01:755 INFO  ManageDriver :33 - Launching Chrome Browser
2022-01-19 19:01:296 INFO  ManageDriver :33 - Launching Chrome Browser
2022-01-19 19:01:609 INFO  ManageDriver :33 - Launching Chrome Browser
2022-01-19 19:01:407 INFO  HomePage :37 - Click on the login linkLog In
2022-01-19 19:01:553 INFO  ManageDriver :33 - Launching Chrome Browser
2022-01-19 19:01:549 INFO  HomePage :37 - Click on the login linkLog In
2022-01-19 20:01:894 INFO  ManageDriver :33 - Launching Chrome Browser
2022-01-19 20:01:951 INFO  HomePage :37 - Click on the login linkLog In
2022-01-19 20:01:84 INFO  ManageDriver :33 - Launching Chrome Browser
2022-01-19 20:01:497 INFO  HomePage :37 - Click on the login linkLog In
2022-01-19 20:01:977 INFO  ManageDriver :33 - Launching Chrome Browser
2022-01-19 20:01:688 INFO  HomePage :37 - Click on the login linkLog In
2022-01-19 20:01:603 INFO  ManageDriver :33 - Launching Chrome Browser
2022-01-19 20:01:855 INFO  HomePage :37 - Click on the login linkLog In
2022-01-19 20:01:810 INFO  ManageDriver :33 - Launching Chrome Browser
2022-01-19 20:01:998 INFO  HomePage :37 - Click on the login linkLog In
2022-01-19 20:01:682 INFO  ManageDriver :33 - Launching Chrome Browser
2022-01-19 20:01:669 INFO  HomePage :37 - Click on the login linkLog In
2022-01-19 20:01:948 INFO  ManageDriver :33 - Launching Chrome Browser
2022-01-19 20:01:52 INFO  HomePage :37 - Click on the login linkLog In
2022-01-19 20:01:581 INFO  ManageDriver :33 - Launching Chrome Browser
2022-01-19 20:01:64 INFO  HomePage :37 - Click on the login linkLog In
2022-01-19 20:01:831 INFO  ManageDriver :33 - Launching Chrome Browser
2022-01-19 20:01:439 INFO  HomePage :37 - Click on the login linkLog In
2022-01-19 20:01:95 INFO  ManageDriver :33 - Launching Chrome Browser
2022-01-19 20:01:460 INFO  HomePage :37 - Click on the login linkLog In
2022-01-19 20:01:464 INFO  ManageDriver :33 - Launching Chrome Browser
2022-01-19 20:01:679 INFO  HomePage :37 - Click on the login linkLog In
2022-01-19 21:01:320 INFO  ManageDriver :33 - Launching Chrome Browser
2022-01-19 21:01:735 INFO  HomePage :37 - Click on the login linkLog In
2022-01-19 21:01:652 INFO  ManageDriver :33 - Launching Chrome Browser
2022-01-19 21:01:531 INFO  HomePage :37 - Click on the login linkLog In
2022-01-19 21:01:799 INFO  ManageDriver :33 - Launching Chrome Browser
2022-01-19 21:01:252 INFO  HomePage :37 - Click on the login linkLog In
2022-01-19 22:01:87 INFO  ManageDriver :33 - Launching Chrome Browser
2022-01-19 22:01:457 INFO  HomePage :37 - Click on the login linkLog In
2022-01-19 22:01:932 INFO  ManageDriver :33 - Launching Chrome Browser
2022-01-19 22:01:692 INFO  HomePage :37 - Click on the login linkLog In
2022-01-19 22:01:118 INFO  ManageDriver :33 - Launching Chrome Browser
2022-01-19 22:01:248 INFO  ManageDriver :33 - Launching Chrome Browser
2022-01-19 22:01:288 INFO  HomePage :37 - Click on the login linkLog In
2022-01-19 23:01:402 INFO  ManageDriver :33 - Launching Chrome Browser
2022-01-19 23:01:80 INFO  HomePage :37 - Click on the login linkLog In
2022-01-19 23:01:215 INFO  ManageDriver :33 - Launching Chrome Browser
2022-01-19 23:01:925 INFO  HomePage :37 - Click on the login linkLog In
2022-01-21 19:01:907 INFO  ManageDriver :33 - Launching Chrome Browser
2022-01-21 19:01:884 INFO  HomePage :37 - Click on the login linkLog In
2022-01-21 19:01:666 INFO  ManageDriver :33 - Launching Chrome Browser
2022-01-21 19:01:62 INFO  HomePage :37 - Click on the login linkLog In
2022-01-21 19:01:448 INFO  ManageDriver :33 - Launching Chrome Browser
2022-01-21 19:01:406 INFO  HomePage :37 - Click on the login linkLog In
2022-01-21 19:01:994 INFO  ManageDriver :33 - Launching Chrome Browser
2022-01-21 19:01:388 INFO  HomePage :37 - Click on the login linkLog In
2022-01-21 19:01:376 INFO  ManageDriver :33 - Launching Chrome Browser
2022-01-21 19:01:416 INFO  HomePage :37 - Click on the login linkLog In
2022-01-21 20:01:66 INFO  ManageDriver :33 - Launching Chrome Browser
2022-01-21 20:01:124 INFO  HomePage :37 - Click on the login linkLog In
2022-01-21 20:01:652 INFO  ManageDriver :33 - Launching Chrome Browser
2022-01-21 20:01:288 INFO  HomePage :37 - Click on the login linkLog In
2022-01-21 20:01:890 INFO  ManageDriver :33 - Launching Chrome Browser
2022-01-21 20:01:81 INFO  HomePage :37 - Click on the login linkLog In
2022-01-21 20:01:465 INFO  ManageDriver :33 - Launching Chrome Browser
2022-01-21 20:01:971 INFO  HomePage :37 - Click on the login linkLog In
2022-01-21 20:01:160 INFO  ManageDriver :33 - Launching Chrome Browser
2022-01-21 20:01:288 INFO  HomePage :37 - Click on the login linkLog In
2022-01-21 20:01:945 INFO  ManageDriver :33 - Launching Chrome Browser
2022-01-21 20:01:656 INFO  HomePage :37 - Click on the login linkLog In
2022-01-21 20:01:888 INFO  ManageDriver :33 - Launching Chrome Browser
2022-01-21 20:01:361 INFO  HomePage :37 - Click on the login linkLog In
2022-01-21 20:01:488 INFO  ManageDriver :33 - Launching Chrome Browser
2022-01-21 20:01:69 INFO  HomePage :37 - Click on the login linkLog In
2022-01-21 20:01:604 INFO  ManageDriver :33 - Launching Chrome Browser
2022-01-21 20:01:317 INFO  HomePage :37 - Click on the login linkLog In
2022-01-21 21:01:68 INFO  ManageDriver :33 - Launching Chrome Browser
2022-01-21 21:01:637 INFO  HomePage :37 - Click on the login linkLog In
2022-01-21 21:01:894 INFO  FormPage :53 - Enter user name[[ChromeDriver: chrome on WINDOWS (c15fdab83118e9a9b482fd74189afe61)] -> id: username]
2022-01-21 21:01:259 INFO  FormPage :59 - Enter password[[ChromeDriver: chrome on WINDOWS (c15fdab83118e9a9b482fd74189afe61)] -> id: password]
2022-01-21 21:01:329 INFO  FormPage :65 - Click on login button[[ChromeDriver: chrome on WINDOWS (c15fdab83118e9a9b482fd74189afe61)] -> name: login_submit]
2022-01-21 22:01:833 INFO  ManageDriver :33 - Launching Chrome Browser
2022-01-21 22:01:359 INFO  HomePage :37 - Click on the login linkLog In
2022-01-21 22:01:612 INFO  FormPage :56 - Enter user name[[ChromeDriver: chrome on WINDOWS (4573c5ba1e82e39e2b46656e8becb6c8)] -> id: username]
2022-01-21 22:01:36 INFO  FormPage :62 - Enter password[[ChromeDriver: chrome on WINDOWS (4573c5ba1e82e39e2b46656e8becb6c8)] -> id: password]
2022-01-21 22:01:196 INFO  FormPage :68 - Click on login button[[ChromeDriver: chrome on WINDOWS (4573c5ba1e82e39e2b46656e8becb6c8)] -> name: login_submit]
